<?xml version="1.0" encoding="UTF-8"?>
<!-- Generated by org.testng.reporters.JUnitReportReporter -->
<testsuite hostname="Acer-PC" failures="0" tests="2" name="com.project.crossbrowser.CrossBrowsertesting" time="58.000" errors="0" timestamp="13 Sep 2018 17:08:58 GMT" skipped="0">
  <testcase classname="com.project.crossbrowser.CrossBrowsertesting" name="login" time="28.454"/>
  <testcase classname="com.project.crossbrowser.CrossBrowsertesting" name="login" time="29.546"/>
</testsuite> <!-- com.project.crossbrowser.CrossBrowsertesting -->
