<?xml version="1.0" encoding="UTF-8"?>
<!-- Generated by org.testng.reporters.JUnitReportReporter -->
<testsuite hostname="Acer-PC" failures="0" tests="2" name="com.project.crossbrowser.CrossBrowsertesting" time="105.144" errors="0" timestamp="13 Sep 2018 18:24:16 GMT" skipped="0">
  <testcase classname="com.project.crossbrowser.CrossBrowsertesting" name="login" time="52.474"/>
  <testcase classname="com.project.crossbrowser.CrossBrowsertesting" name="login" time="52.670"/>
</testsuite> <!-- com.project.crossbrowser.CrossBrowsertesting -->
