<?xml version="1.0" encoding="UTF-8"?>
<!-- Generated by org.testng.reporters.JUnitReportReporter -->
<testsuite hostname="Acer-PC" failures="0" tests="2" name="com.project.crossbrowser.CrossBrowsertesting" time="95.788" errors="0" timestamp="13 Sep 2018 18:04:50 GMT" skipped="0">
  <testcase classname="com.project.crossbrowser.CrossBrowsertesting" name="login" time="62.296"/>
  <testcase classname="com.project.crossbrowser.CrossBrowsertesting" name="login" time="33.492"/>
</testsuite> <!-- com.project.crossbrowser.CrossBrowsertesting -->
